<?xml version="1.0" encoding="UTF-8"?>
<!-- Generated by org.testng.reporters.JUnitReportReporter -->
<testsuite hostname="Khurshid_Alam" failures="0" tests="1" name="Sample.Tc_01" time="0.015" errors="0" timestamp="2024-11-18T10:24:30 IST" skipped="0">
  <testcase classname="Sample.Tc_01" name="add" time="0.015"/>
</testsuite> <!-- Sample.Tc_01 -->
