<?xml version="1.0" encoding="UTF-8"?>
<!-- Generated by org.testng.reporters.JUnitReportReporter -->
<testsuite hostname="Khurshid_Alam" failures="0" tests="1" name="Sample.Demo" time="0.015" errors="0" timestamp="2024-11-16T08:59:43 IST" skipped="0">
  <testcase classname="Sample.Demo" name="Sample" time="0.015"/>
</testsuite> <!-- Sample.Demo -->
